# JRE version: OpenJDK Runtime Environment (17.0.9) (build 17.0.9+0--11185874)
# Java VM: OpenJDK 64-Bit Server VM (17.0.9+0--11185874, mixed mode, tiered, compressed oops, compressed class ptrs, g1 gc, windows-amd64)
GC Precious Log:
 CPUs: 4 total, 4 available
 Memory: 3983M
 Large Page Support: Disabled
 NUMA Support: Disabled
 Compressed Oops: Enabled (32-bit)
 Heap Region Size: 1M
 Heap Min Capacity: 8M
 Heap Initial Capacity: 64M
 Heap Max Capacity: 2G
 Pre-touch: Disabled
 Parallel Workers: 4
 Concurrent Workers: 1
 Concurrent Refinement Workers: 4
 Periodic GC: Disabled
Heap:
 garbage-first heap   total 301056K, used 158377K [0x0000000080000000, 0x0000000100000000)
  region size 1024K, 50 young (51200K), 9 survivors (9216K)
 Metaspace       used 98308K, committed 99072K, reserved 557056K
  class space    used 13307K, committed 13696K, reserved 425984K
GC Heap History (20 events):
Event: 38.456 GC heap before
{Heap before GC invocations=85 (full 0):
 garbage-first heap   total 250880K, used 216595K [0x0000000080000000, 0x0000000100000000)
  region size 1024K, 147 young (150528K), 8 survivors (8192K)
 Metaspace       used 61013K, committed 61632K, reserved 491520K
  class space    used 8052K, committed 8320K, reserved 425984K
}
Event: 38.466 GC heap after
{Heap after GC invocations=86 (full 0):
 garbage-first heap   total 250880K, used 75056K [0x0000000080000000, 0x0000000100000000)
  region size 1024K, 9 young (9216K), 9 survivors (9216K)
 Metaspace       used 61013K, committed 61632K, reserved 491520K
  class space    used 8052K, committed 8320K, reserved 425984K
}
Event: 39.175 GC heap before
{Heap before GC invocations=86 (full 0):
 garbage-first heap   total 250880K, used 215344K [0x0000000080000000, 0x0000000100000000)
  region size 1024K, 146 young (149504K), 9 survivors (9216K)
 Metaspace       used 61014K, committed 61632K, reserved 491520K
  class space    used 8053K, committed 8320K, reserved 425984K
}
Event: 39.186 GC heap after
{Heap after GC invocations=87 (full 0):
 garbage-first heap   total 250880K, used 75792K [0x0000000080000000, 0x0000000100000000)
  region size 1024K, 10 young (10240K), 10 survivors (10240K)
 Metaspace       used 61014K, committed 61632K, reserved 491520K
  class space    used 8053K, committed 8320K, reserved 425984K
}
Event: 39.688 GC heap before
{Heap before GC invocations=87 (full 0):
 garbage-first heap   total 250880K, used 214032K [0x0000000080000000, 0x0000000100000000)
  region size 1024K, 145 young (148480K), 10 survivors (10240K)
 Metaspace       used 61014K, committed 61632K, reserved 491520K
  class space    used 8053K, committed 8320K, reserved 425984K
}
Event: 39.699 GC heap after
{Heap after GC invocations=88 (full 0):
 garbage-first heap   total 250880K, used 76429K [0x0000000080000000, 0x0000000100000000)
  region size 1024K, 10 young (10240K), 10 survivors (10240K)
 Metaspace       used 61014K, committed 61632K, reserved 491520K
  class space    used 8053K, committed 8320K, reserved 425984K
}
Event: 40.059 GC heap before
{Heap before GC invocations=88 (full 0):
 garbage-first heap   total 250880K, used 214669K [0x0000000080000000, 0x0000000100000000)
  region size 1024K, 145 young (148480K), 10 survivors (10240K)
 Metaspace       used 61014K, committed 61632K, reserved 491520K
  class space    used 8053K, committed 8320K, reserved 425984K
}
Event: 40.066 GC heap after
{Heap after GC invocations=89 (full 0):
 garbage-first heap   total 250880K, used 77468K [0x0000000080000000, 0x0000000100000000)
  region size 1024K, 11 young (11264K), 11 survivors (11264K)
 Metaspace       used 61014K, committed 61632K, reserved 491520K
  class space    used 8053K, committed 8320K, reserved 425984K
}
Event: 40.312 GC heap before
{Heap before GC invocations=89 (full 0):
 garbage-first heap   total 250880K, used 213660K [0x0000000080000000, 0x0000000100000000)
  region size 1024K, 144 young (147456K), 11 survivors (11264K)
 Metaspace       used 61014K, committed 61632K, reserved 491520K
  class space    used 8053K, committed 8320K, reserved 425984K
}
Event: 40.321 GC heap after
{Heap after GC invocations=90 (full 0):
 garbage-first heap   total 250880K, used 74295K [0x0000000080000000, 0x0000000100000000)
  region size 1024K, 11 young (11264K), 11 survivors (11264K)
 Metaspace       used 61014K, committed 61632K, reserved 491520K
  class space    used 8053K, committed 8320K, reserved 425984K
}
Event: 42.363 GC heap before
{Heap before GC invocations=90 (full 0):
 garbage-first heap   total 250880K, used 221751K [0x0000000080000000, 0x0000000100000000)
  region size 1024K, 146 young (149504K), 11 survivors (11264K)
 Metaspace       used 66195K, committed 66816K, reserved 491520K
  class space    used 8796K, committed 9088K, reserved 425984K
}
Event: 42.382 GC heap after
{Heap after GC invocations=91 (full 0):
 garbage-first heap   total 301056K, used 84030K [0x0000000080000000, 0x0000000100000000)
  region size 1024K, 11 young (11264K), 11 survivors (11264K)
 Metaspace       used 66195K, committed 66816K, reserved 491520K
  class space    used 8796K, committed 9088K, reserved 425984K
}
Event: 43.464 GC heap before
{Heap before GC invocations=91 (full 0):
 garbage-first heap   total 301056K, used 252990K [0x0000000080000000, 0x0000000100000000)
  region size 1024K, 176 young (180224K), 11 survivors (11264K)
 Metaspace       used 66424K, committed 67008K, reserved 491520K
  class space    used 8809K, committed 9088K, reserved 425984K
}
Event: 43.474 GC heap after
{Heap after GC invocations=92 (full 0):
 garbage-first heap   total 301056K, used 85906K [0x0000000080000000, 0x0000000100000000)
  region size 1024K, 13 young (13312K), 13 survivors (13312K)
 Metaspace       used 66424K, committed 67008K, reserved 491520K
  class space    used 8809K, committed 9088K, reserved 425984K
}
Event: 46.050 GC heap before
{Heap before GC invocations=92 (full 0):
 garbage-first heap   total 301056K, used 254866K [0x0000000080000000, 0x0000000100000000)
  region size 1024K, 176 young (180224K), 13 survivors (13312K)
 Metaspace       used 74018K, committed 74688K, reserved 491520K
  class space    used 9755K, committed 10048K, reserved 425984K
}
Event: 46.079 GC heap after
{Heap after GC invocations=93 (full 0):
 garbage-first heap   total 301056K, used 90811K [0x0000000080000000, 0x0000000100000000)
  region size 1024K, 15 young (15360K), 15 survivors (15360K)
 Metaspace       used 74018K, committed 74688K, reserved 491520K
  class space    used 9755K, committed 10048K, reserved 425984K
}
Event: 49.801 GC heap before
{Heap before GC invocations=93 (full 0):
 garbage-first heap   total 301056K, used 266939K [0x0000000080000000, 0x0000000100000000)
  region size 1024K, 175 young (179200K), 15 survivors (15360K)
 Metaspace       used 85547K, committed 86272K, reserved 557056K
  class space    used 11351K, committed 11712K, reserved 425984K
}
Event: 49.834 GC heap after
{Heap after GC invocations=94 (full 0):
 garbage-first heap   total 301056K, used 109649K [0x0000000080000000, 0x0000000100000000)
  region size 1024K, 18 young (18432K), 18 survivors (18432K)
 Metaspace       used 85547K, committed 86272K, reserved 557056K
  class space    used 11351K, committed 11712K, reserved 425984K
}
Event: 52.898 GC heap before
{Heap before GC invocations=94 (full 0):
 garbage-first heap   total 301056K, used 249937K [0x0000000080000000, 0x0000000100000000)
  region size 1024K, 154 young (157696K), 18 survivors (18432K)
 Metaspace       used 94011K, committed 94784K, reserved 557056K
  class space    used 12714K, committed 13120K, reserved 425984K
}
Event: 52.935 GC heap after
{Heap after GC invocations=95 (full 0):
 garbage-first heap   total 301056K, used 117417K [0x0000000080000000, 0x0000000100000000)
  region size 1024K, 9 young (9216K), 9 survivors (9216K)
 Metaspace       used 94011K, committed 94784K, reserved 557056K
  class space    used 12714K, committed 13120K, reserved 425984K
}

