# JRE version: OpenJDK Runtime Environment (17.0.9) (build 17.0.9+0--11185874)
# Java VM: OpenJDK 64-Bit Server VM (17.0.9+0--11185874, mixed mode, tiered, compressed oops, compressed class ptrs, g1 gc, windows-amd64)
GC Precious Log:
 CPUs: 4 total, 4 available
 Memory: 3983M
 Large Page Support: Disabled
 NUMA Support: Disabled
 Compressed Oops: Enabled (32-bit)
 Heap Region Size: 1M
 Heap Min Capacity: 8M
 Heap Initial Capacity: 64M
 Heap Max Capacity: 2G
 Pre-touch: Disabled
 Parallel Workers: 4
 Concurrent Workers: 1
 Concurrent Refinement Workers: 4
 Periodic GC: Disabled
Heap:
 garbage-first heap   total 196608K, used 77434K [0x0000000080000000, 0x0000000100000000)
  region size 1024K, 1 young (1024K), 1 survivors (1024K)
 Metaspace       used 70235K, committed 70848K, reserved 491520K
  class space    used 9045K, committed 9344K, reserved 425984K
GC Heap History (20 events):
Event: 25.748 GC heap after
{Heap after GC invocations=29 (full 0):
 garbage-first heap   total 138240K, used 66123K [0x0000000080000000, 0x0000000100000000)
  region size 1024K, 3 young (3072K), 3 survivors (3072K)
 Metaspace       used 68492K, committed 69120K, reserved 491520K
  class space    used 8939K, committed 9216K, reserved 425984K
}
Event: 32.349 GC heap before
{Heap before GC invocations=29 (full 0):
 garbage-first heap   total 138240K, used 111179K [0x0000000080000000, 0x0000000100000000)
  region size 1024K, 47 young (48128K), 3 survivors (3072K)
 Metaspace       used 69037K, committed 69632K, reserved 491520K
  class space    used 8959K, committed 9216K, reserved 425984K
}
Event: 32.368 GC heap after
{Heap after GC invocations=30 (full 0):
 garbage-first heap   total 138240K, used 66813K [0x0000000080000000, 0x0000000100000000)
  region size 1024K, 3 young (3072K), 3 survivors (3072K)
 Metaspace       used 69037K, committed 69632K, reserved 491520K
  class space    used 8959K, committed 9216K, reserved 425984K
}
Event: 36.247 GC heap before
{Heap before GC invocations=31 (full 0):
 garbage-first heap   total 138240K, used 112893K [0x0000000080000000, 0x0000000100000000)
  region size 1024K, 48 young (49152K), 3 survivors (3072K)
 Metaspace       used 69371K, committed 69888K, reserved 491520K
  class space    used 8984K, committed 9216K, reserved 425984K
}
Event: 36.260 GC heap after
{Heap after GC invocations=32 (full 0):
 garbage-first heap   total 138240K, used 67716K [0x0000000080000000, 0x0000000100000000)
  region size 1024K, 4 young (4096K), 4 survivors (4096K)
 Metaspace       used 69371K, committed 69888K, reserved 491520K
  class space    used 8984K, committed 9216K, reserved 425984K
}
Event: 36.491 GC heap before
{Heap before GC invocations=32 (full 0):
 garbage-first heap   total 138240K, used 69764K [0x0000000080000000, 0x0000000100000000)
  region size 1024K, 6 young (6144K), 4 survivors (4096K)
 Metaspace       used 69371K, committed 69888K, reserved 491520K
  class space    used 8984K, committed 9216K, reserved 425984K
}
Event: 36.530 GC heap after
{Heap after GC invocations=33 (full 0):
 garbage-first heap   total 138240K, used 67676K [0x0000000080000000, 0x0000000100000000)
  region size 1024K, 1 young (1024K), 1 survivors (1024K)
 Metaspace       used 69371K, committed 69888K, reserved 491520K
  class space    used 8984K, committed 9216K, reserved 425984K
}
Event: 44.707 GC heap before
{Heap before GC invocations=33 (full 0):
 garbage-first heap   total 138240K, used 113756K [0x0000000080000000, 0x0000000100000000)
  region size 1024K, 47 young (48128K), 1 survivors (1024K)
 Metaspace       used 69567K, committed 70208K, reserved 491520K
  class space    used 8985K, committed 9280K, reserved 425984K
}
Event: 44.729 GC heap after
{Heap after GC invocations=34 (full 0):
 garbage-first heap   total 138240K, used 69544K [0x0000000080000000, 0x0000000100000000)
  region size 1024K, 3 young (3072K), 3 survivors (3072K)
 Metaspace       used 69567K, committed 70208K, reserved 491520K
  class space    used 8985K, committed 9280K, reserved 425984K
}
Event: 52.339 GC heap before
{Heap before GC invocations=35 (full 0):
 garbage-first heap   total 138240K, used 114600K [0x0000000080000000, 0x0000000100000000)
  region size 1024K, 47 young (48128K), 3 survivors (3072K)
 Metaspace       used 69853K, committed 70464K, reserved 491520K
  class space    used 9023K, committed 9344K, reserved 425984K
}
Event: 52.349 GC heap after
{Heap after GC invocations=36 (full 0):
 garbage-first heap   total 138240K, used 72642K [0x0000000080000000, 0x0000000100000000)
  region size 1024K, 5 young (5120K), 5 survivors (5120K)
 Metaspace       used 69853K, committed 70464K, reserved 491520K
  class space    used 9023K, committed 9344K, reserved 425984K
}
Event: 52.354 GC heap before
{Heap before GC invocations=36 (full 0):
 garbage-first heap   total 138240K, used 72642K [0x0000000080000000, 0x0000000100000000)
  region size 1024K, 6 young (6144K), 5 survivors (5120K)
 Metaspace       used 69859K, committed 70528K, reserved 491520K
  class space    used 9025K, committed 9344K, reserved 425984K
}
Event: 52.375 GC heap after
{Heap after GC invocations=37 (full 0):
 garbage-first heap   total 138240K, used 72833K [0x0000000080000000, 0x0000000100000000)
  region size 1024K, 1 young (1024K), 1 survivors (1024K)
 Metaspace       used 69859K, committed 70528K, reserved 491520K
  class space    used 9025K, committed 9344K, reserved 425984K
}
Event: 52.577 GC heap before
{Heap before GC invocations=37 (full 0):
 garbage-first heap   total 138240K, used 116865K [0x0000000080000000, 0x0000000100000000)
  region size 1024K, 43 young (44032K), 1 survivors (1024K)
 Metaspace       used 70074K, committed 70720K, reserved 491520K
  class space    used 9025K, committed 9344K, reserved 425984K
}
Event: 52.579 GC heap after
{Heap after GC invocations=38 (full 0):
 garbage-first heap   total 138240K, used 74909K [0x0000000080000000, 0x0000000100000000)
  region size 1024K, 1 young (1024K), 1 survivors (1024K)
 Metaspace       used 70074K, committed 70720K, reserved 491520K
  class space    used 9025K, committed 9344K, reserved 425984K
}
Event: 52.709 GC heap before
{Heap before GC invocations=38 (full 0):
 garbage-first heap   total 196608K, used 116893K [0x0000000080000000, 0x0000000100000000)
  region size 1024K, 42 young (43008K), 1 survivors (1024K)
 Metaspace       used 70105K, committed 70784K, reserved 491520K
  class space    used 9025K, committed 9344K, reserved 425984K
}
Event: 52.711 GC heap after
{Heap after GC invocations=39 (full 0):
 garbage-first heap   total 196608K, used 76430K [0x0000000080000000, 0x0000000100000000)
  region size 1024K, 2 young (2048K), 2 survivors (2048K)
 Metaspace       used 70105K, committed 70784K, reserved 491520K
  class space    used 9025K, committed 9344K, reserved 425984K
}
Event: 52.920 GC heap before
{Heap before GC invocations=40 (full 0):
 garbage-first heap   total 196608K, used 164494K [0x0000000080000000, 0x0000000100000000)
  region size 1024K, 88 young (90112K), 2 survivors (2048K)
 Metaspace       used 70235K, committed 70848K, reserved 491520K
  class space    used 9045K, committed 9344K, reserved 425984K
}
Event: 52.924 GC heap after
{Heap after GC invocations=41 (full 0):
 garbage-first heap   total 196608K, used 77446K [0x0000000080000000, 0x0000000100000000)
  region size 1024K, 3 young (3072K), 3 survivors (3072K)
 Metaspace       used 70235K, committed 70848K, reserved 491520K
  class space    used 9045K, committed 9344K, reserved 425984K
}
Event: 52.944 GC heap before
{Heap before GC invocations=41 (full 0):
 garbage-first heap   total 196608K, used 82566K [0x0000000080000000, 0x0000000100000000)
  region size 1024K, 9 young (9216K), 3 survivors (3072K)
 Metaspace       used 70235K, committed 70848K, reserved 491520K
  class space    used 9045K, committed 9344K, reserved 425984K
}

