# JRE version: OpenJDK Runtime Environment (17.0.9) (build 17.0.9+0--11185874)
# Java VM: OpenJDK 64-Bit Server VM (17.0.9+0--11185874, mixed mode, tiered, compressed oops, compressed class ptrs, g1 gc, windows-amd64)
GC Precious Log:
 CPUs: 4 total, 4 available
 Memory: 3983M
 Large Page Support: Disabled
 NUMA Support: Disabled
 Compressed Oops: Enabled (32-bit)
 Heap Region Size: 1M
 Heap Min Capacity: 8M
 Heap Initial Capacity: 64M
 Heap Max Capacity: 2G
 Pre-touch: Disabled
 Parallel Workers: 4
 Concurrent Workers: 1
 Concurrent Refinement Workers: 4
 Periodic GC: Disabled
Heap:
 garbage-first heap   total 413696K, used 261107K [0x0000000080000000, 0x0000000100000000)
  region size 1024K, 203 young (207872K), 10 survivors (10240K)
 Metaspace       used 76017K, committed 76672K, reserved 557056K
  class space    used 9825K, committed 10112K, reserved 425984K
GC Heap History (20 events):
Event: 29.528 GC heap before
{Heap before GC invocations=39 (full 0):
 garbage-first heap   total 413696K, used 301218K [0x0000000080000000, 0x0000000100000000)
  region size 1024K, 242 young (247808K), 8 survivors (8192K)
 Metaspace       used 54850K, committed 55296K, reserved 491520K
  class space    used 7291K, committed 7488K, reserved 425984K
}
Event: 29.538 GC heap after
{Heap after GC invocations=40 (full 0):
 garbage-first heap   total 413696K, used 63645K [0x0000000080000000, 0x0000000100000000)
  region size 1024K, 10 young (10240K), 10 survivors (10240K)
 Metaspace       used 54850K, committed 55296K, reserved 491520K
  class space    used 7291K, committed 7488K, reserved 425984K
}
Event: 40.938 GC heap before
{Heap before GC invocations=40 (full 0):
 garbage-first heap   total 413696K, used 304285K [0x0000000080000000, 0x0000000100000000)
  region size 1024K, 242 young (247808K), 10 survivors (10240K)
 Metaspace       used 55334K, committed 55808K, reserved 491520K
  class space    used 7337K, committed 7552K, reserved 425984K
}
Event: 41.074 GC heap after
{Heap after GC invocations=41 (full 0):
 garbage-first heap   total 413696K, used 61078K [0x0000000080000000, 0x0000000100000000)
  region size 1024K, 7 young (7168K), 7 survivors (7168K)
 Metaspace       used 55334K, committed 55808K, reserved 491520K
  class space    used 7337K, committed 7552K, reserved 425984K
}
Event: 47.209 GC heap before
{Heap before GC invocations=41 (full 0):
 garbage-first heap   total 413696K, used 301718K [0x0000000080000000, 0x0000000100000000)
  region size 1024K, 242 young (247808K), 7 survivors (7168K)
 Metaspace       used 55341K, committed 55808K, reserved 491520K
  class space    used 7337K, committed 7552K, reserved 425984K
}
Event: 47.265 GC heap after
{Heap after GC invocations=42 (full 0):
 garbage-first heap   total 413696K, used 62259K [0x0000000080000000, 0x0000000100000000)
  region size 1024K, 8 young (8192K), 8 survivors (8192K)
 Metaspace       used 55341K, committed 55808K, reserved 491520K
  class space    used 7337K, committed 7552K, reserved 425984K
}
Event: 49.845 GC heap before
{Heap before GC invocations=42 (full 0):
 garbage-first heap   total 413696K, used 304947K [0x0000000080000000, 0x0000000100000000)
  region size 1024K, 242 young (247808K), 8 survivors (8192K)
 Metaspace       used 55365K, committed 55808K, reserved 491520K
  class space    used 7341K, committed 7552K, reserved 425984K
}
Event: 49.857 GC heap after
{Heap after GC invocations=43 (full 0):
 garbage-first heap   total 413696K, used 60574K [0x0000000080000000, 0x0000000100000000)
  region size 1024K, 7 young (7168K), 7 survivors (7168K)
 Metaspace       used 55365K, committed 55808K, reserved 491520K
  class space    used 7341K, committed 7552K, reserved 425984K
}
Event: 50.640 GC heap before
{Heap before GC invocations=43 (full 0):
 garbage-first heap   total 413696K, used 301214K [0x0000000080000000, 0x0000000100000000)
  region size 1024K, 242 young (247808K), 7 survivors (7168K)
 Metaspace       used 55369K, committed 55808K, reserved 491520K
  class space    used 7341K, committed 7552K, reserved 425984K
}
Event: 50.649 GC heap after
{Heap after GC invocations=44 (full 0):
 garbage-first heap   total 413696K, used 61792K [0x0000000080000000, 0x0000000100000000)
  region size 1024K, 8 young (8192K), 8 survivors (8192K)
 Metaspace       used 55369K, committed 55808K, reserved 491520K
  class space    used 7341K, committed 7552K, reserved 425984K
}
Event: 52.895 GC heap before
{Heap before GC invocations=44 (full 0):
 garbage-first heap   total 413696K, used 301408K [0x0000000080000000, 0x0000000100000000)
  region size 1024K, 242 young (247808K), 8 survivors (8192K)
 Metaspace       used 55376K, committed 55872K, reserved 491520K
  class space    used 7341K, committed 7552K, reserved 425984K
}
Event: 52.911 GC heap after
{Heap after GC invocations=45 (full 0):
 garbage-first heap   total 413696K, used 63933K [0x0000000080000000, 0x0000000100000000)
  region size 1024K, 10 young (10240K), 10 survivors (10240K)
 Metaspace       used 55376K, committed 55872K, reserved 491520K
  class space    used 7341K, committed 7552K, reserved 425984K
}
Event: 54.120 GC heap before
{Heap before GC invocations=45 (full 0):
 garbage-first heap   total 413696K, used 301501K [0x0000000080000000, 0x0000000100000000)
  region size 1024K, 242 young (247808K), 10 survivors (10240K)
 Metaspace       used 55379K, committed 55872K, reserved 491520K
  class space    used 7341K, committed 7552K, reserved 425984K
}
Event: 54.138 GC heap after
{Heap after GC invocations=46 (full 0):
 garbage-first heap   total 413696K, used 66179K [0x0000000080000000, 0x0000000100000000)
  region size 1024K, 11 young (11264K), 11 survivors (11264K)
 Metaspace       used 55379K, committed 55872K, reserved 491520K
  class space    used 7341K, committed 7552K, reserved 425984K
}
Event: 54.730 GC heap before
{Heap before GC invocations=46 (full 0):
 garbage-first heap   total 413696K, used 302723K [0x0000000080000000, 0x0000000100000000)
  region size 1024K, 242 young (247808K), 11 survivors (11264K)
 Metaspace       used 55380K, committed 55872K, reserved 491520K
  class space    used 7341K, committed 7552K, reserved 425984K
}
Event: 54.746 GC heap after
{Heap after GC invocations=47 (full 0):
 garbage-first heap   total 413696K, used 68027K [0x0000000080000000, 0x0000000100000000)
  region size 1024K, 13 young (13312K), 13 survivors (13312K)
 Metaspace       used 55380K, committed 55872K, reserved 491520K
  class space    used 7341K, committed 7552K, reserved 425984K
}
Event: 55.519 GC heap before
{Heap before GC invocations=47 (full 0):
 garbage-first heap   total 413696K, used 302523K [0x0000000080000000, 0x0000000100000000)
  region size 1024K, 242 young (247808K), 13 survivors (13312K)
 Metaspace       used 55381K, committed 55872K, reserved 491520K
  class space    used 7341K, committed 7552K, reserved 425984K
}
Event: 55.536 GC heap after
{Heap after GC invocations=48 (full 0):
 garbage-first heap   total 413696K, used 70129K [0x0000000080000000, 0x0000000100000000)
  region size 1024K, 15 young (15360K), 15 survivors (15360K)
 Metaspace       used 55381K, committed 55872K, reserved 491520K
  class space    used 7341K, committed 7552K, reserved 425984K
}
Event: 59.920 GC heap before
{Heap before GC invocations=48 (full 0):
 garbage-first heap   total 413696K, used 306673K [0x0000000080000000, 0x0000000100000000)
  region size 1024K, 242 young (247808K), 15 survivors (15360K)
 Metaspace       used 58827K, committed 59392K, reserved 491520K
  class space    used 7670K, committed 7872K, reserved 425984K
}
Event: 59.941 GC heap after
{Heap after GC invocations=49 (full 0):
 garbage-first heap   total 413696K, used 65523K [0x0000000080000000, 0x0000000100000000)
  region size 1024K, 10 young (10240K), 10 survivors (10240K)
 Metaspace       used 58827K, committed 59392K, reserved 491520K
  class space    used 7670K, committed 7872K, reserved 425984K
}

